d:\adiel\ecuador\numberplate\np\np\debug\np.pch
d:\adiel\ecuador\numberplate\np\np\debug\vc120.pdb
d:\adiel\ecuador\numberplate\np\np\debug\vc120.idb
d:\adiel\ecuador\numberplate\np\np\debug\stdafx.obj
d:\adiel\ecuador\numberplate\np\np\debug\plate.obj
d:\adiel\ecuador\numberplate\np\np\debug\detectregions.obj
d:\adiel\ecuador\numberplate\np\np\debug\evalocr.obj
d:\adiel\ecuador\numberplate\np\np\debug\np.obj
d:\adiel\ecuador\numberplate\np\np\debug\ocr.obj
d:\adiel\ecuador\numberplate\np\np\debug\trainocr.obj
d:\adiel\ecuador\numberplate\np\np\debug\trainsvm.obj
d:\adiel\ecuador\numberplate\np\debug\np.ilk
d:\adiel\ecuador\numberplate\np\debug\np.exe
d:\adiel\ecuador\numberplate\np\debug\np.pdb
d:\adiel\ecuador\numberplate\np\np\debug\np.tlog\cl.command.1.tlog
d:\adiel\ecuador\numberplate\np\np\debug\np.tlog\cl.read.1.tlog
d:\adiel\ecuador\numberplate\np\np\debug\np.tlog\cl.write.1.tlog
d:\adiel\ecuador\numberplate\np\np\debug\np.tlog\link.command.1.tlog
d:\adiel\ecuador\numberplate\np\np\debug\np.tlog\link.read.1.tlog
d:\adiel\ecuador\numberplate\np\np\debug\np.tlog\link.write.1.tlog
